{"/Users/damonlemmons/Desktop/js-1/challenges.js": {"path":"/Users/damonlemmons/Desktop/js-1/challenges.js","statementMap":{"0":{"start":{"line":5,"column":4},"end":{"line":9,"column":5}},"1":{"start":{"line":6,"column":8},"end":{"line":6,"column":16}},"2":{"start":{"line":8,"column":8},"end":{"line":8,"column":16}},"3":{"start":{"line":12,"column":0},"end":{"line":12,"column":17}},"4":{"start":{"line":13,"column":0},"end":{"line":13,"column":17}},"5":{"start":{"line":16,"column":4},"end":{"line":22,"column":5}},"6":{"start":{"line":17,"column":8},"end":{"line":17,"column":29}},"7":{"start":{"line":18,"column":11},"end":{"line":22,"column":5}},"8":{"start":{"line":19,"column":8},"end":{"line":19,"column":29}},"9":{"start":{"line":21,"column":8},"end":{"line":21,"column":30}},"10":{"start":{"line":27,"column":4},"end":{"line":27,"column":18}},"11":{"start":{"line":31,"column":4},"end":{"line":31,"column":24}},"12":{"start":{"line":34,"column":0},"end":{"line":39,"column":1}}},"fnMap":{"0":{"name":"greaterNum","decl":{"start":{"line":4,"column":9},"end":{"line":4,"column":19}},"loc":{"start":{"line":4,"column":25},"end":{"line":10,"column":1}},"line":4},"1":{"name":"helloWorld","decl":{"start":{"line":15,"column":9},"end":{"line":15,"column":19}},"loc":{"start":{"line":15,"column":25},"end":{"line":23,"column":1}},"line":15},"2":{"name":"assignGrade","decl":{"start":{"line":26,"column":9},"end":{"line":26,"column":20}},"loc":{"start":{"line":26,"column":22},"end":{"line":28,"column":1}},"line":26},"3":{"name":"pluralizer","decl":{"start":{"line":30,"column":9},"end":{"line":30,"column":19}},"loc":{"start":{"line":30,"column":21},"end":{"line":32,"column":1}},"line":30}},"branchMap":{"0":{"loc":{"start":{"line":5,"column":4},"end":{"line":9,"column":5}},"type":"if","locations":[{"start":{"line":5,"column":4},"end":{"line":9,"column":5}},{"start":{"line":5,"column":4},"end":{"line":9,"column":5}}],"line":5},"1":{"loc":{"start":{"line":16,"column":4},"end":{"line":22,"column":5}},"type":"if","locations":[{"start":{"line":16,"column":4},"end":{"line":22,"column":5}},{"start":{"line":16,"column":4},"end":{"line":22,"column":5}}],"line":16},"2":{"loc":{"start":{"line":18,"column":11},"end":{"line":22,"column":5}},"type":"if","locations":[{"start":{"line":18,"column":11},"end":{"line":22,"column":5}},{"start":{"line":18,"column":11},"end":{"line":22,"column":5}}],"line":18}},"s":{"0":5,"1":3,"2":2,"3":1,"4":1,"5":3,"6":1,"7":2,"8":1,"9":1,"10":5,"11":3,"12":1},"f":{"0":5,"1":3,"2":5,"3":3},"b":{"0":[3,2],"1":[1,2],"2":[1,1]},"_coverageSchema":"332fd63041d2c1bcb487cc26dd0d5f7d97098a6c","hash":"385504d8f19ad2b89255c7d272c373e5717bba4b"}
}
